<?xml version="1.0" encoding="UTF-8"?>
<!-- Generated by org.testng.reporters.JUnitReportReporter -->
<testsuite skipped="0" hostname="Stephens-MacBook-Pro.local" name="com.automation.amazon.tests.Amazon_TestCase1" tests="1" failures="0" timestamp="2021-03-15T13:09:25 IST" time="78.841" errors="0">
  <testcase name="test" time="78.841" classname="com.automation.amazon.tests.Amazon_TestCase1"/>
  <system-out/>
</testsuite> <!-- com.automation.amazon.tests.Amazon_TestCase1 -->
